<?xml version="1.0" encoding="UTF-8"?>
<testng-results skipped="0" failed="0" total="1" passed="1">
  <reporter-output>
  </reporter-output>
  <suite name="Default suite" duration-ms="20306" started-at="2016-07-03T20:29:22Z" finished-at="2016-07-03T20:29:42Z">
    <groups>
    </groups>
    <test name="Default test" duration-ms="20306" started-at="2016-07-03T20:29:22Z" finished-at="2016-07-03T20:29:42Z">
      <class name="testng.NewTest">
        <test-method status="PASS" signature="beforeMethod()[pri:0, instance:testng.NewTest@5c3bd550]" name="beforeMethod" is-config="true" duration-ms="6236" started-at="2016-07-03T16:29:22Z" finished-at="2016-07-03T16:29:28Z">
          <reporter-output>
          </reporter-output>
        </test-method> <!-- beforeMethod -->
        <test-method status="PASS" signature="testMethod()[pri:0, instance:testng.NewTest@5c3bd550]" name="testMethod" duration-ms="14049" started-at="2016-07-03T16:29:28Z" finished-at="2016-07-03T16:29:42Z">
          <reporter-output>
          </reporter-output>
        </test-method> <!-- testMethod -->
        <test-method status="PASS" signature="afterMethod()[pri:0, instance:testng.NewTest@5c3bd550]" name="afterMethod" is-config="true" duration-ms="0" started-at="2016-07-03T16:29:42Z" finished-at="2016-07-03T16:29:42Z">
          <reporter-output>
          </reporter-output>
        </test-method> <!-- afterMethod -->
      </class> <!-- testng.NewTest -->
    </test> <!-- Default test -->
  </suite> <!-- Default suite -->
</testng-results>
