<?xml version="1.0" encoding="UTF-8"?>
<!-- Generated by org.testng.reporters.JUnitXMLReporter -->
<testsuite hostname="c7100.fios-router.home" name="Sample Test Case" tests="3" failures="0" timestamp="10 Jun 2016 03:56:28 GMT" time="0.068" errors="0">
  <testcase name="login" time="0.022" classname="testngpackage.sample"/>
  <testcase name="Register" time="0.002" classname="testngpackage.sample"/>
  <testcase name="passwordChange" time="0.003" classname="testngpackage.sample"/>
</testsuite> <!-- Sample Test Case -->
